{"/Users/erhanbasaran/Desktop/TopUp1.sem/Test/SDTest-Flexment/server/index.js": {"path":"/Users/erhanbasaran/Desktop/TopUp1.sem/Test/SDTest-Flexment/server/index.js","statementMap":{"0":{"start":{"line":10,"column":19},"end":{"line":10,"column":28}},"1":{"start":{"line":11,"column":0},"end":{"line":11,"column":16}},"2":{"start":{"line":13,"column":0},"end":{"line":13,"column":59}},"3":{"start":{"line":14,"column":0},"end":{"line":14,"column":65}},"4":{"start":{"line":15,"column":0},"end":{"line":15,"column":16}},"5":{"start":{"line":17,"column":0},"end":{"line":17,"column":30}},"6":{"start":{"line":18,"column":0},"end":{"line":18,"column":30}},"7":{"start":{"line":20,"column":13},"end":{"line":20,"column":37}},"8":{"start":{"line":22,"column":0},"end":{"line":24,"column":50}},"9":{"start":{"line":23,"column":16},"end":{"line":23,"column":89}},"10":{"start":{"line":23,"column":39},"end":{"line":23,"column":88}},"11":{"start":{"line":24,"column":22},"end":{"line":24,"column":48}},"12":{"start":{"line":26,"column":0},"end":{"line":26,"column":28}}},"fnMap":{"0":{"name":"(anonymous_0)","decl":{"start":{"line":23,"column":10},"end":{"line":23,"column":11}},"loc":{"start":{"line":23,"column":16},"end":{"line":23,"column":89}},"line":23},"1":{"name":"(anonymous_1)","decl":{"start":{"line":23,"column":33},"end":{"line":23,"column":34}},"loc":{"start":{"line":23,"column":39},"end":{"line":23,"column":88}},"line":23},"2":{"name":"(anonymous_2)","decl":{"start":{"line":24,"column":11},"end":{"line":24,"column":12}},"loc":{"start":{"line":24,"column":22},"end":{"line":24,"column":48}},"line":24}},"branchMap":{"0":{"loc":{"start":{"line":20,"column":13},"end":{"line":20,"column":37}},"type":"binary-expr","locations":[{"start":{"line":20,"column":13},"end":{"line":20,"column":29}},{"start":{"line":20,"column":33},"end":{"line":20,"column":37}}],"line":20}},"s":{"0":1,"1":1,"2":1,"3":1,"4":1,"5":1,"6":1,"7":1,"8":1,"9":0,"10":0,"11":0,"12":1},"f":{"0":0,"1":0,"2":0},"b":{"0":[1,1]},"_coverageSchema":"1a1c01bbd47fc00a2c39e90264f33305004495a9","hash":"c45fb2ac3cd142d6d75e30b1b29b5bae0664a1e2"}
,"/Users/erhanbasaran/Desktop/TopUp1.sem/Test/SDTest-Flexment/server/controllers/tasks.js": {"path":"/Users/erhanbasaran/Desktop/TopUp1.sem/Test/SDTest-Flexment/server/controllers/tasks.js","statementMap":{"0":{"start":{"line":5,"column":24},"end":{"line":20,"column":1}},"1":{"start":{"line":6,"column":19},"end":{"line":6,"column":28}},"2":{"start":{"line":8,"column":2},"end":{"line":19,"column":3}},"3":{"start":{"line":9,"column":18},"end":{"line":9,"column":19}},"4":{"start":{"line":10,"column":23},"end":{"line":10,"column":55}},"5":{"start":{"line":11,"column":18},"end":{"line":11,"column":52}},"6":{"start":{"line":13,"column":18},"end":{"line":13,"column":88}},"7":{"start":{"line":15,"column":4},"end":{"line":15,"column":109}},"8":{"start":{"line":17,"column":4},"end":{"line":17,"column":52}},"9":{"start":{"line":18,"column":4},"end":{"line":18,"column":22}},"10":{"start":{"line":22,"column":23},"end":{"line":34,"column":1}},"11":{"start":{"line":23,"column":17},"end":{"line":23,"column":27}},"12":{"start":{"line":25,"column":2},"end":{"line":33,"column":3}},"13":{"start":{"line":26,"column":17},"end":{"line":26,"column":45}},"14":{"start":{"line":28,"column":4},"end":{"line":28,"column":30}},"15":{"start":{"line":30,"column":4},"end":{"line":30,"column":52}},"16":{"start":{"line":31,"column":4},"end":{"line":31,"column":22}},"17":{"start":{"line":32,"column":4},"end":{"line":32,"column":27}},"18":{"start":{"line":36,"column":32},"end":{"line":49,"column":1}},"19":{"start":{"line":37,"column":48},"end":{"line":37,"column":57}},"20":{"start":{"line":39,"column":2},"end":{"line":48,"column":3}},"21":{"start":{"line":40,"column":21},"end":{"line":40,"column":49}},"22":{"start":{"line":42,"column":18},"end":{"line":42,"column":142}},"23":{"start":{"line":44,"column":4},"end":{"line":44,"column":29}},"24":{"start":{"line":46,"column":4},"end":{"line":46,"column":22}},"25":{"start":{"line":47,"column":4},"end":{"line":47,"column":52}},"26":{"start":{"line":51,"column":26},"end":{"line":63,"column":1}},"27":{"start":{"line":52,"column":15},"end":{"line":52,"column":23}},"28":{"start":{"line":54,"column":18},"end":{"line":54,"column":102}},"29":{"start":{"line":56,"column":2},"end":{"line":62,"column":3}},"30":{"start":{"line":57,"column":4},"end":{"line":57,"column":24}},"31":{"start":{"line":59,"column":4},"end":{"line":59,"column":33}},"32":{"start":{"line":61,"column":4},"end":{"line":61,"column":52}},"33":{"start":{"line":65,"column":26},"end":{"line":74,"column":1}},"34":{"start":{"line":66,"column":22},"end":{"line":66,"column":32}},"35":{"start":{"line":67,"column":15},"end":{"line":67,"column":23}},"36":{"start":{"line":69,"column":2},"end":{"line":69,"column":96}},"37":{"start":{"line":69,"column":45},"end":{"line":69,"column":96}},"38":{"start":{"line":71,"column":22},"end":{"line":71,"column":93}},"39":{"start":{"line":73,"column":2},"end":{"line":73,"column":23}},"40":{"start":{"line":76,"column":26},"end":{"line":84,"column":1}},"41":{"start":{"line":77,"column":17},"end":{"line":77,"column":27}},"42":{"start":{"line":79,"column":2},"end":{"line":79,"column":95}},"43":{"start":{"line":79,"column":44},"end":{"line":79,"column":95}},"44":{"start":{"line":81,"column":2},"end":{"line":81,"column":39}},"45":{"start":{"line":83,"column":2},"end":{"line":83,"column":52}},"46":{"start":{"line":86,"column":24},"end":{"line":106,"column":1}},"47":{"start":{"line":87,"column":17},"end":{"line":87,"column":27}},"48":{"start":{"line":89,"column":2},"end":{"line":89,"column":73}},"49":{"start":{"line":89,"column":19},"end":{"line":89,"column":73}},"50":{"start":{"line":91,"column":2},"end":{"line":91,"column":95}},"51":{"start":{"line":91,"column":44},"end":{"line":91,"column":95}},"52":{"start":{"line":93,"column":15},"end":{"line":93,"column":43}},"53":{"start":{"line":95,"column":16},"end":{"line":95,"column":71}},"54":{"start":{"line":95,"column":45},"end":{"line":95,"column":70}},"55":{"start":{"line":97,"column":2},"end":{"line":101,"column":3}},"56":{"start":{"line":98,"column":4},"end":{"line":98,"column":31}},"57":{"start":{"line":100,"column":4},"end":{"line":100,"column":69}},"58":{"start":{"line":100,"column":43},"end":{"line":100,"column":68}},"59":{"start":{"line":103,"column":22},"end":{"line":103,"column":80}},"60":{"start":{"line":105,"column":2},"end":{"line":105,"column":23}}},"fnMap":{"0":{"name":"(anonymous_0)","decl":{"start":{"line":5,"column":24},"end":{"line":5,"column":25}},"loc":{"start":{"line":5,"column":44},"end":{"line":20,"column":1}},"line":5},"1":{"name":"(anonymous_1)","decl":{"start":{"line":22,"column":23},"end":{"line":22,"column":24}},"loc":{"start":{"line":22,"column":43},"end":{"line":34,"column":1}},"line":22},"2":{"name":"(anonymous_2)","decl":{"start":{"line":36,"column":32},"end":{"line":36,"column":33}},"loc":{"start":{"line":36,"column":52},"end":{"line":49,"column":1}},"line":36},"3":{"name":"(anonymous_3)","decl":{"start":{"line":51,"column":26},"end":{"line":51,"column":27}},"loc":{"start":{"line":51,"column":46},"end":{"line":63,"column":1}},"line":51},"4":{"name":"(anonymous_4)","decl":{"start":{"line":65,"column":26},"end":{"line":65,"column":27}},"loc":{"start":{"line":65,"column":46},"end":{"line":74,"column":1}},"line":65},"5":{"name":"(anonymous_5)","decl":{"start":{"line":76,"column":26},"end":{"line":76,"column":27}},"loc":{"start":{"line":76,"column":46},"end":{"line":84,"column":1}},"line":76},"6":{"name":"(anonymous_6)","decl":{"start":{"line":86,"column":24},"end":{"line":86,"column":25}},"loc":{"start":{"line":86,"column":44},"end":{"line":106,"column":1}},"line":86},"7":{"name":"(anonymous_7)","decl":{"start":{"line":95,"column":37},"end":{"line":95,"column":38}},"loc":{"start":{"line":95,"column":45},"end":{"line":95,"column":70}},"line":95},"8":{"name":"(anonymous_8)","decl":{"start":{"line":100,"column":35},"end":{"line":100,"column":36}},"loc":{"start":{"line":100,"column":43},"end":{"line":100,"column":68}},"line":100}},"branchMap":{"0":{"loc":{"start":{"line":69,"column":2},"end":{"line":69,"column":96}},"type":"if","locations":[{"start":{"line":69,"column":2},"end":{"line":69,"column":96}},{"start":{},"end":{}}],"line":69},"1":{"loc":{"start":{"line":79,"column":2},"end":{"line":79,"column":95}},"type":"if","locations":[{"start":{"line":79,"column":2},"end":{"line":79,"column":95}},{"start":{},"end":{}}],"line":79},"2":{"loc":{"start":{"line":89,"column":2},"end":{"line":89,"column":73}},"type":"if","locations":[{"start":{"line":89,"column":2},"end":{"line":89,"column":73}},{"start":{},"end":{}}],"line":89},"3":{"loc":{"start":{"line":91,"column":2},"end":{"line":91,"column":95}},"type":"if","locations":[{"start":{"line":91,"column":2},"end":{"line":91,"column":95}},{"start":{},"end":{}}],"line":91},"4":{"loc":{"start":{"line":97,"column":2},"end":{"line":101,"column":3}},"type":"if","locations":[{"start":{"line":97,"column":2},"end":{"line":101,"column":3}},{"start":{"line":99,"column":9},"end":{"line":101,"column":3}}],"line":97}},"s":{"0":1,"1":0,"2":0,"3":0,"4":0,"5":0,"6":0,"7":0,"8":0,"9":0,"10":1,"11":0,"12":0,"13":0,"14":0,"15":0,"16":0,"17":0,"18":1,"19":0,"20":0,"21":0,"22":0,"23":0,"24":0,"25":0,"26":1,"27":0,"28":0,"29":0,"30":0,"31":0,"32":0,"33":1,"34":0,"35":0,"36":0,"37":0,"38":0,"39":0,"40":1,"41":0,"42":0,"43":0,"44":0,"45":0,"46":1,"47":0,"48":0,"49":0,"50":0,"51":0,"52":0,"53":0,"54":0,"55":0,"56":0,"57":0,"58":0,"59":0,"60":0},"f":{"0":0,"1":0,"2":0,"3":0,"4":0,"5":0,"6":0,"7":0,"8":0},"b":{"0":[0,0],"1":[0,0],"2":[0,0],"3":[0,0],"4":[0,0]},"_coverageSchema":"1a1c01bbd47fc00a2c39e90264f33305004495a9","hash":"7be437f97631b562f79403ba5980b0311998339b"}
,"/Users/erhanbasaran/Desktop/TopUp1.sem/Test/SDTest-Flexment/server/controllers/user.js": {"path":"/Users/erhanbasaran/Desktop/TopUp1.sem/Test/SDTest-Flexment/server/controllers/user.js","statementMap":{"0":{"start":{"line":7,"column":24},"end":{"line":22,"column":1}},"1":{"start":{"line":8,"column":21},"end":{"line":8,"column":30}},"2":{"start":{"line":10,"column":4},"end":{"line":21,"column":5}},"3":{"start":{"line":11,"column":22},"end":{"line":11,"column":23}},"4":{"start":{"line":12,"column":27},"end":{"line":12,"column":59}},"5":{"start":{"line":13,"column":22},"end":{"line":13,"column":56}},"6":{"start":{"line":15,"column":22},"end":{"line":15,"column":92}},"7":{"start":{"line":17,"column":8},"end":{"line":17,"column":114}},"8":{"start":{"line":19,"column":8},"end":{"line":19,"column":57}},"9":{"start":{"line":20,"column":8},"end":{"line":20,"column":26}},"10":{"start":{"line":24,"column":23},"end":{"line":37,"column":1}},"11":{"start":{"line":26,"column":19},"end":{"line":26,"column":29}},"12":{"start":{"line":28,"column":4},"end":{"line":36,"column":5}},"13":{"start":{"line":29,"column":21},"end":{"line":29,"column":49}},"14":{"start":{"line":31,"column":8},"end":{"line":31,"column":34}},"15":{"start":{"line":33,"column":8},"end":{"line":33,"column":57}},"16":{"start":{"line":34,"column":8},"end":{"line":34,"column":26}},"17":{"start":{"line":35,"column":8},"end":{"line":35,"column":31}},"18":{"start":{"line":39,"column":22},"end":{"line":57,"column":1}},"19":{"start":{"line":40,"column":30},"end":{"line":40,"column":38}},"20":{"start":{"line":42,"column":2},"end":{"line":56,"column":3}},"21":{"start":{"line":43,"column":25},"end":{"line":43,"column":59}},"22":{"start":{"line":45,"column":4},"end":{"line":45,"column":84}},"23":{"start":{"line":45,"column":23},"end":{"line":45,"column":84}},"24":{"start":{"line":47,"column":30},"end":{"line":47,"column":83}},"25":{"start":{"line":49,"column":4},"end":{"line":49,"column":90}},"26":{"start":{"line":49,"column":28},"end":{"line":49,"column":90}},"27":{"start":{"line":51,"column":18},"end":{"line":51,"column":108}},"28":{"start":{"line":53,"column":4},"end":{"line":53,"column":57}},"29":{"start":{"line":55,"column":4},"end":{"line":55,"column":61}},"30":{"start":{"line":59,"column":22},"end":{"line":87,"column":1}},"31":{"start":{"line":60,"column":68},"end":{"line":60,"column":76}},"32":{"start":{"line":62,"column":2},"end":{"line":86,"column":3}},"33":{"start":{"line":63,"column":25},"end":{"line":63,"column":59}},"34":{"start":{"line":65,"column":4},"end":{"line":72,"column":5}},"35":{"start":{"line":66,"column":20},"end":{"line":66,"column":94}},"36":{"start":{"line":67,"column":6},"end":{"line":71,"column":7}},"37":{"start":{"line":68,"column":8},"end":{"line":68,"column":55}},"38":{"start":{"line":70,"column":8},"end":{"line":70,"column":55}},"39":{"start":{"line":74,"column":27},"end":{"line":74,"column":58}},"40":{"start":{"line":76,"column":19},"end":{"line":76,"column":115}},"41":{"start":{"line":78,"column":18},"end":{"line":78,"column":96}},"42":{"start":{"line":80,"column":4},"end":{"line":80,"column":43}},"43":{"start":{"line":82,"column":4},"end":{"line":82,"column":61}},"44":{"start":{"line":83,"column":4},"end":{"line":83,"column":27}},"45":{"start":{"line":84,"column":4},"end":{"line":84,"column":25}},"46":{"start":{"line":85,"column":4},"end":{"line":85,"column":24}}},"fnMap":{"0":{"name":"(anonymous_0)","decl":{"start":{"line":7,"column":24},"end":{"line":7,"column":25}},"loc":{"start":{"line":7,"column":44},"end":{"line":22,"column":1}},"line":7},"1":{"name":"(anonymous_1)","decl":{"start":{"line":24,"column":23},"end":{"line":24,"column":24}},"loc":{"start":{"line":24,"column":43},"end":{"line":37,"column":1}},"line":24},"2":{"name":"(anonymous_2)","decl":{"start":{"line":39,"column":22},"end":{"line":39,"column":23}},"loc":{"start":{"line":39,"column":42},"end":{"line":57,"column":1}},"line":39},"3":{"name":"(anonymous_3)","decl":{"start":{"line":59,"column":22},"end":{"line":59,"column":23}},"loc":{"start":{"line":59,"column":42},"end":{"line":87,"column":1}},"line":59}},"branchMap":{"0":{"loc":{"start":{"line":45,"column":4},"end":{"line":45,"column":84}},"type":"if","locations":[{"start":{"line":45,"column":4},"end":{"line":45,"column":84}},{"start":{},"end":{}}],"line":45},"1":{"loc":{"start":{"line":49,"column":4},"end":{"line":49,"column":90}},"type":"if","locations":[{"start":{"line":49,"column":4},"end":{"line":49,"column":90}},{"start":{},"end":{}}],"line":49},"2":{"loc":{"start":{"line":65,"column":4},"end":{"line":72,"column":5}},"type":"if","locations":[{"start":{"line":65,"column":4},"end":{"line":72,"column":5}},{"start":{},"end":{}}],"line":65},"3":{"loc":{"start":{"line":67,"column":6},"end":{"line":71,"column":7}},"type":"if","locations":[{"start":{"line":67,"column":6},"end":{"line":71,"column":7}},{"start":{"line":69,"column":13},"end":{"line":71,"column":7}}],"line":67}},"s":{"0":1,"1":0,"2":0,"3":0,"4":0,"5":0,"6":0,"7":0,"8":0,"9":0,"10":1,"11":0,"12":0,"13":0,"14":0,"15":0,"16":0,"17":0,"18":1,"19":0,"20":0,"21":0,"22":0,"23":0,"24":0,"25":0,"26":0,"27":0,"28":0,"29":0,"30":1,"31":0,"32":0,"33":0,"34":0,"35":0,"36":0,"37":0,"38":0,"39":0,"40":0,"41":0,"42":0,"43":0,"44":0,"45":0,"46":0},"f":{"0":0,"1":0,"2":0,"3":0},"b":{"0":[0,0],"1":[0,0],"2":[0,0],"3":[0,0]},"_coverageSchema":"1a1c01bbd47fc00a2c39e90264f33305004495a9","hash":"8de3ee35e4194bc09aa8704f1b6dacf622acdcc3"}
,"/Users/erhanbasaran/Desktop/TopUp1.sem/Test/SDTest-Flexment/server/middleware/auth.js": {"path":"/Users/erhanbasaran/Desktop/TopUp1.sem/Test/SDTest-Flexment/server/middleware/auth.js","statementMap":{"0":{"start":{"line":3,"column":13},"end":{"line":25,"column":1}},"1":{"start":{"line":4,"column":4},"end":{"line":24,"column":5}},"2":{"start":{"line":5,"column":22},"end":{"line":5,"column":61}},"3":{"start":{"line":6,"column":29},"end":{"line":6,"column":47}},"4":{"start":{"line":10,"column":8},"end":{"line":19,"column":9}},"5":{"start":{"line":11,"column":12},"end":{"line":11,"column":52}},"6":{"start":{"line":13,"column":12},"end":{"line":13,"column":41}},"7":{"start":{"line":15,"column":12},"end":{"line":15,"column":44}},"8":{"start":{"line":18,"column":12},"end":{"line":18,"column":42}},"9":{"start":{"line":21,"column":8},"end":{"line":21,"column":15}},"10":{"start":{"line":23,"column":8},"end":{"line":23,"column":27}}},"fnMap":{"0":{"name":"(anonymous_0)","decl":{"start":{"line":3,"column":13},"end":{"line":3,"column":14}},"loc":{"start":{"line":3,"column":39},"end":{"line":25,"column":1}},"line":3}},"branchMap":{"0":{"loc":{"start":{"line":10,"column":8},"end":{"line":19,"column":9}},"type":"if","locations":[{"start":{"line":10,"column":8},"end":{"line":19,"column":9}},{"start":{"line":14,"column":15},"end":{"line":19,"column":9}}],"line":10},"1":{"loc":{"start":{"line":10,"column":11},"end":{"line":10,"column":32}},"type":"binary-expr","locations":[{"start":{"line":10,"column":11},"end":{"line":10,"column":16}},{"start":{"line":10,"column":20},"end":{"line":10,"column":32}}],"line":10}},"s":{"0":1,"1":0,"2":0,"3":0,"4":0,"5":0,"6":0,"7":0,"8":0,"9":0,"10":0},"f":{"0":0},"b":{"0":[0,0],"1":[0,0]},"_coverageSchema":"1a1c01bbd47fc00a2c39e90264f33305004495a9","hash":"838df73098ab83c09c1f9e52b0df4edc4fe4b60c"}
,"/Users/erhanbasaran/Desktop/TopUp1.sem/Test/SDTest-Flexment/server/models/taskModel.js": {"path":"/Users/erhanbasaran/Desktop/TopUp1.sem/Test/SDTest-Flexment/server/models/taskModel.js","statementMap":{"0":{"start":{"line":3,"column":19},"end":{"line":19,"column":2}},"1":{"start":{"line":21,"column":18},"end":{"line":21,"column":53}}},"fnMap":{},"branchMap":{},"s":{"0":1,"1":1},"f":{},"b":{},"_coverageSchema":"1a1c01bbd47fc00a2c39e90264f33305004495a9","hash":"6c1ff3b5a037539a1a44f93a2d5ab997e7fcfe47"}
,"/Users/erhanbasaran/Desktop/TopUp1.sem/Test/SDTest-Flexment/server/models/userModel.js": {"path":"/Users/erhanbasaran/Desktop/TopUp1.sem/Test/SDTest-Flexment/server/models/userModel.js","statementMap":{"0":{"start":{"line":3,"column":19},"end":{"line":8,"column":2}},"1":{"start":{"line":10,"column":18},"end":{"line":10,"column":52}}},"fnMap":{},"branchMap":{},"s":{"0":1,"1":1},"f":{},"b":{},"_coverageSchema":"1a1c01bbd47fc00a2c39e90264f33305004495a9","hash":"c83453cdd49f57c45e2521485dc15fbdb0aed55f"}
,"/Users/erhanbasaran/Desktop/TopUp1.sem/Test/SDTest-Flexment/server/routes/tasks.js": {"path":"/Users/erhanbasaran/Desktop/TopUp1.sem/Test/SDTest-Flexment/server/routes/tasks.js","statementMap":{"0":{"start":{"line":6,"column":15},"end":{"line":6,"column":31}},"1":{"start":{"line":8,"column":0},"end":{"line":8,"column":26}},"2":{"start":{"line":9,"column":0},"end":{"line":9,"column":39}},"3":{"start":{"line":10,"column":0},"end":{"line":10,"column":28}},"4":{"start":{"line":11,"column":0},"end":{"line":11,"column":35}},"5":{"start":{"line":12,"column":0},"end":{"line":12,"column":39}},"6":{"start":{"line":13,"column":0},"end":{"line":13,"column":40}},"7":{"start":{"line":14,"column":0},"end":{"line":14,"column":45}}},"fnMap":{},"branchMap":{},"s":{"0":1,"1":1,"2":1,"3":1,"4":1,"5":1,"6":1,"7":1},"f":{},"b":{},"_coverageSchema":"1a1c01bbd47fc00a2c39e90264f33305004495a9","hash":"73e7f86dc388abe51db4d5353387e1c8cbce315b"}
,"/Users/erhanbasaran/Desktop/TopUp1.sem/Test/SDTest-Flexment/server/routes/user.js": {"path":"/Users/erhanbasaran/Desktop/TopUp1.sem/Test/SDTest-Flexment/server/routes/user.js","statementMap":{"0":{"start":{"line":5,"column":15},"end":{"line":5,"column":31}},"1":{"start":{"line":7,"column":0},"end":{"line":7,"column":26}},"2":{"start":{"line":8,"column":0},"end":{"line":8,"column":28}},"3":{"start":{"line":9,"column":0},"end":{"line":9,"column":31}},"4":{"start":{"line":10,"column":0},"end":{"line":10,"column":31}}},"fnMap":{},"branchMap":{},"s":{"0":1,"1":1,"2":1,"3":1,"4":1},"f":{},"b":{},"_coverageSchema":"1a1c01bbd47fc00a2c39e90264f33305004495a9","hash":"47fb71afd6b25a1f18b3fbe01c3dc1c93db39947"}
,"/Users/erhanbasaran/Desktop/TopUp1.sem/Test/SDTest-Flexment/server/services/taskService.js": {"path":"/Users/erhanbasaran/Desktop/TopUp1.sem/Test/SDTest-Flexment/server/services/taskService.js","statementMap":{"0":{"start":{"line":1,"column":35},"end":{"line":3,"column":1}},"1":{"start":{"line":2,"column":4},"end":{"line":2,"column":42}},"2":{"start":{"line":6,"column":2},"end":{"line":6,"column":27}}},"fnMap":{"0":{"name":"(anonymous_0)","decl":{"start":{"line":1,"column":35},"end":{"line":1,"column":36}},"loc":{"start":{"line":1,"column":56},"end":{"line":3,"column":1}},"line":1},"1":{"name":"convertStringToArray","decl":{"start":{"line":5,"column":16},"end":{"line":5,"column":36}},"loc":{"start":{"line":5,"column":46},"end":{"line":7,"column":1}},"line":5}},"branchMap":{},"s":{"0":2,"1":1,"2":1},"f":{"0":1,"1":1},"b":{},"_coverageSchema":"1a1c01bbd47fc00a2c39e90264f33305004495a9","hash":"66c2b40db43cda2928d402a36deef76aaa2db5ba"}
,"/Users/erhanbasaran/Desktop/TopUp1.sem/Test/SDTest-Flexment/server/services/userService.js": {"path":"/Users/erhanbasaran/Desktop/TopUp1.sem/Test/SDTest-Flexment/server/services/userService.js","statementMap":{"0":{"start":{"line":1,"column":35},"end":{"line":3,"column":1}},"1":{"start":{"line":2,"column":4},"end":{"line":2,"column":42}},"2":{"start":{"line":6,"column":4},"end":{"line":6,"column":30}},"3":{"start":{"line":10,"column":37},"end":{"line":19,"column":1}},"4":{"start":{"line":13,"column":2},"end":{"line":17,"column":3}},"5":{"start":{"line":14,"column":4},"end":{"line":14,"column":16}},"6":{"start":{"line":16,"column":4},"end":{"line":16,"column":15}},"7":{"start":{"line":18,"column":2},"end":{"line":18,"column":13}},"8":{"start":{"line":21,"column":33},"end":{"line":30,"column":1}},"9":{"start":{"line":24,"column":2},"end":{"line":28,"column":3}},"10":{"start":{"line":25,"column":4},"end":{"line":25,"column":16}},"11":{"start":{"line":27,"column":4},"end":{"line":27,"column":15}},"12":{"start":{"line":29,"column":2},"end":{"line":29,"column":13}},"13":{"start":{"line":33,"column":2},"end":{"line":35,"column":3}},"14":{"start":{"line":34,"column":4},"end":{"line":34,"column":31}},"15":{"start":{"line":36,"column":2},"end":{"line":38,"column":3}},"16":{"start":{"line":37,"column":4},"end":{"line":37,"column":34}},"17":{"start":{"line":39,"column":2},"end":{"line":41,"column":3}},"18":{"start":{"line":40,"column":4},"end":{"line":40,"column":33}},"19":{"start":{"line":42,"column":2},"end":{"line":44,"column":3}},"20":{"start":{"line":43,"column":4},"end":{"line":43,"column":34}},"21":{"start":{"line":45,"column":2},"end":{"line":47,"column":3}},"22":{"start":{"line":46,"column":4},"end":{"line":46,"column":32}},"23":{"start":{"line":49,"column":2},"end":{"line":49,"column":14}},"24":{"start":{"line":55,"column":2},"end":{"line":67,"column":3}},"25":{"start":{"line":56,"column":4},"end":{"line":56,"column":19}},"26":{"start":{"line":57,"column":9},"end":{"line":67,"column":3}},"27":{"start":{"line":58,"column":4},"end":{"line":58,"column":19}},"28":{"start":{"line":59,"column":9},"end":{"line":67,"column":3}},"29":{"start":{"line":60,"column":4},"end":{"line":60,"column":19}},"30":{"start":{"line":61,"column":9},"end":{"line":67,"column":3}},"31":{"start":{"line":62,"column":4},"end":{"line":62,"column":19}},"32":{"start":{"line":63,"column":9},"end":{"line":67,"column":3}},"33":{"start":{"line":64,"column":4},"end":{"line":64,"column":19}},"34":{"start":{"line":66,"column":4},"end":{"line":66,"column":20}},"35":{"start":{"line":69,"column":2},"end":{"line":69,"column":17}},"36":{"start":{"line":73,"column":2},"end":{"line":73,"column":40}}},"fnMap":{"0":{"name":"(anonymous_0)","decl":{"start":{"line":1,"column":35},"end":{"line":1,"column":36}},"loc":{"start":{"line":1,"column":56},"end":{"line":3,"column":1}},"line":1},"1":{"name":"convertStringToArray","decl":{"start":{"line":5,"column":16},"end":{"line":5,"column":36}},"loc":{"start":{"line":5,"column":45},"end":{"line":7,"column":1}},"line":5},"2":{"name":"(anonymous_2)","decl":{"start":{"line":10,"column":37},"end":{"line":10,"column":38}},"loc":{"start":{"line":10,"column":51},"end":{"line":19,"column":1}},"line":10},"3":{"name":"(anonymous_3)","decl":{"start":{"line":21,"column":33},"end":{"line":21,"column":34}},"loc":{"start":{"line":21,"column":43},"end":{"line":30,"column":1}},"line":21},"4":{"name":"errorMessage","decl":{"start":{"line":32,"column":16},"end":{"line":32,"column":28}},"loc":{"start":{"line":32,"column":92},"end":{"line":50,"column":1}},"line":32},"5":{"name":"signUpError","decl":{"start":{"line":52,"column":16},"end":{"line":52,"column":27}},"loc":{"start":{"line":52,"column":91},"end":{"line":70,"column":1}},"line":52},"6":{"name":"fullName","decl":{"start":{"line":72,"column":16},"end":{"line":72,"column":24}},"loc":{"start":{"line":72,"column":47},"end":{"line":74,"column":1}},"line":72}},"branchMap":{"0":{"loc":{"start":{"line":13,"column":2},"end":{"line":17,"column":3}},"type":"if","locations":[{"start":{"line":13,"column":2},"end":{"line":17,"column":3}},{"start":{"line":15,"column":9},"end":{"line":17,"column":3}}],"line":13},"1":{"loc":{"start":{"line":13,"column":6},"end":{"line":13,"column":49}},"type":"binary-expr","locations":[{"start":{"line":13,"column":6},"end":{"line":13,"column":25}},{"start":{"line":13,"column":29},"end":{"line":13,"column":49}}],"line":13},"2":{"loc":{"start":{"line":24,"column":2},"end":{"line":28,"column":3}},"type":"if","locations":[{"start":{"line":24,"column":2},"end":{"line":28,"column":3}},{"start":{"line":26,"column":9},"end":{"line":28,"column":3}}],"line":24},"3":{"loc":{"start":{"line":33,"column":2},"end":{"line":35,"column":3}},"type":"if","locations":[{"start":{"line":33,"column":2},"end":{"line":35,"column":3}},{"start":{},"end":{}}],"line":33},"4":{"loc":{"start":{"line":36,"column":2},"end":{"line":38,"column":3}},"type":"if","locations":[{"start":{"line":36,"column":2},"end":{"line":38,"column":3}},{"start":{},"end":{}}],"line":36},"5":{"loc":{"start":{"line":39,"column":2},"end":{"line":41,"column":3}},"type":"if","locations":[{"start":{"line":39,"column":2},"end":{"line":41,"column":3}},{"start":{},"end":{}}],"line":39},"6":{"loc":{"start":{"line":42,"column":2},"end":{"line":44,"column":3}},"type":"if","locations":[{"start":{"line":42,"column":2},"end":{"line":44,"column":3}},{"start":{},"end":{}}],"line":42},"7":{"loc":{"start":{"line":45,"column":2},"end":{"line":47,"column":3}},"type":"if","locations":[{"start":{"line":45,"column":2},"end":{"line":47,"column":3}},{"start":{},"end":{}}],"line":45},"8":{"loc":{"start":{"line":55,"column":2},"end":{"line":67,"column":3}},"type":"if","locations":[{"start":{"line":55,"column":2},"end":{"line":67,"column":3}},{"start":{"line":57,"column":9},"end":{"line":67,"column":3}}],"line":55},"9":{"loc":{"start":{"line":57,"column":9},"end":{"line":67,"column":3}},"type":"if","locations":[{"start":{"line":57,"column":9},"end":{"line":67,"column":3}},{"start":{"line":59,"column":9},"end":{"line":67,"column":3}}],"line":57},"10":{"loc":{"start":{"line":59,"column":9},"end":{"line":67,"column":3}},"type":"if","locations":[{"start":{"line":59,"column":9},"end":{"line":67,"column":3}},{"start":{"line":61,"column":9},"end":{"line":67,"column":3}}],"line":59},"11":{"loc":{"start":{"line":61,"column":9},"end":{"line":67,"column":3}},"type":"if","locations":[{"start":{"line":61,"column":9},"end":{"line":67,"column":3}},{"start":{"line":63,"column":9},"end":{"line":67,"column":3}}],"line":61},"12":{"loc":{"start":{"line":63,"column":9},"end":{"line":67,"column":3}},"type":"if","locations":[{"start":{"line":63,"column":9},"end":{"line":67,"column":3}},{"start":{"line":65,"column":9},"end":{"line":67,"column":3}}],"line":63}},"s":{"0":2,"1":0,"2":0,"3":2,"4":4,"5":2,"6":2,"7":4,"8":2,"9":11,"10":3,"11":8,"12":11,"13":6,"14":1,"15":5,"16":1,"17":4,"18":1,"19":3,"20":1,"21":2,"22":1,"23":1,"24":0,"25":0,"26":0,"27":0,"28":0,"29":0,"30":0,"31":0,"32":0,"33":0,"34":0,"35":0,"36":1},"f":{"0":0,"1":0,"2":4,"3":11,"4":6,"5":0,"6":1},"b":{"0":[2,2],"1":[4,2],"2":[3,8],"3":[1,5],"4":[1,4],"5":[1,3],"6":[1,2],"7":[1,1],"8":[0,0],"9":[0,0],"10":[0,0],"11":[0,0],"12":[0,0]},"_coverageSchema":"1a1c01bbd47fc00a2c39e90264f33305004495a9","hash":"0f00842340bcfa85216e9fbe293e332e6ef9a7da"}
,"/Users/erhanbasaran/Desktop/TopUp1.sem/Test/SDTest-Flexment/server/utils/utils.js": {"path":"/Users/erhanbasaran/Desktop/TopUp1.sem/Test/SDTest-Flexment/server/utils/utils.js","statementMap":{"0":{"start":{"line":1,"column":30},"end":{"line":6,"column":3}},"1":{"start":{"line":2,"column":4},"end":{"line":4,"column":5}},"2":{"start":{"line":3,"column":6},"end":{"line":3,"column":78}},"3":{"start":{"line":5,"column":4},"end":{"line":5,"column":20}}},"fnMap":{"0":{"name":"(anonymous_0)","decl":{"start":{"line":1,"column":30},"end":{"line":1,"column":31}},"loc":{"start":{"line":1,"column":42},"end":{"line":6,"column":3}},"line":1}},"branchMap":{"0":{"loc":{"start":{"line":2,"column":4},"end":{"line":4,"column":5}},"type":"if","locations":[{"start":{"line":2,"column":4},"end":{"line":4,"column":5}},{"start":{},"end":{}}],"line":2}},"s":{"0":1,"1":1,"2":1,"3":0},"f":{"0":1},"b":{"0":[1,0]},"_coverageSchema":"1a1c01bbd47fc00a2c39e90264f33305004495a9","hash":"715735be15f8479db268aaa16f463a5ff625e1b4"}
}
