TN:
SF:index.js
FN:23,(anonymous_0)
FN:23,(anonymous_1)
FN:24,(anonymous_2)
FNF:3
FNH:0
FNDA:0,(anonymous_0)
FNDA:0,(anonymous_1)
FNDA:0,(anonymous_2)
DA:10,1
DA:11,1
DA:13,1
DA:14,1
DA:15,1
DA:17,1
DA:18,1
DA:20,1
DA:22,1
DA:23,0
DA:24,0
DA:26,1
LF:12
LH:10
BRDA:20,0,0,1
BRDA:20,0,1,1
BRF:2
BRH:2
end_of_record
TN:
SF:controllers/tasks.js
FN:5,(anonymous_0)
FN:22,(anonymous_1)
FN:36,(anonymous_2)
FN:51,(anonymous_3)
FN:65,(anonymous_4)
FN:76,(anonymous_5)
FN:86,(anonymous_6)
FN:95,(anonymous_7)
FN:100,(anonymous_8)
FNF:9
FNH:0
FNDA:0,(anonymous_0)
FNDA:0,(anonymous_1)
FNDA:0,(anonymous_2)
FNDA:0,(anonymous_3)
FNDA:0,(anonymous_4)
FNDA:0,(anonymous_5)
FNDA:0,(anonymous_6)
FNDA:0,(anonymous_7)
FNDA:0,(anonymous_8)
DA:5,1
DA:6,0
DA:8,0
DA:9,0
DA:10,0
DA:11,0
DA:13,0
DA:15,0
DA:17,0
DA:18,0
DA:22,1
DA:23,0
DA:25,0
DA:26,0
DA:28,0
DA:30,0
DA:31,0
DA:32,0
DA:36,1
DA:37,0
DA:39,0
DA:40,0
DA:42,0
DA:44,0
DA:46,0
DA:47,0
DA:51,1
DA:52,0
DA:54,0
DA:56,0
DA:57,0
DA:59,0
DA:61,0
DA:65,1
DA:66,0
DA:67,0
DA:69,0
DA:71,0
DA:73,0
DA:76,1
DA:77,0
DA:79,0
DA:81,0
DA:83,0
DA:86,1
DA:87,0
DA:89,0
DA:91,0
DA:93,0
DA:95,0
DA:97,0
DA:98,0
DA:100,0
DA:103,0
DA:105,0
LF:55
LH:7
BRDA:69,0,0,0
BRDA:69,0,1,0
BRDA:79,1,0,0
BRDA:79,1,1,0
BRDA:89,2,0,0
BRDA:89,2,1,0
BRDA:91,3,0,0
BRDA:91,3,1,0
BRDA:97,4,0,0
BRDA:97,4,1,0
BRF:10
BRH:0
end_of_record
TN:
SF:controllers/user.js
FN:7,(anonymous_0)
FN:24,(anonymous_1)
FN:39,(anonymous_2)
FN:59,(anonymous_3)
FNF:4
FNH:0
FNDA:0,(anonymous_0)
FNDA:0,(anonymous_1)
FNDA:0,(anonymous_2)
FNDA:0,(anonymous_3)
DA:7,1
DA:8,0
DA:10,0
DA:11,0
DA:12,0
DA:13,0
DA:15,0
DA:17,0
DA:19,0
DA:20,0
DA:24,1
DA:26,0
DA:28,0
DA:29,0
DA:31,0
DA:33,0
DA:34,0
DA:35,0
DA:39,1
DA:40,0
DA:42,0
DA:43,0
DA:45,0
DA:47,0
DA:49,0
DA:51,0
DA:53,0
DA:55,0
DA:59,1
DA:60,0
DA:62,0
DA:63,0
DA:65,0
DA:66,0
DA:67,0
DA:68,0
DA:70,0
DA:74,0
DA:76,0
DA:78,0
DA:80,0
DA:82,0
DA:83,0
DA:84,0
DA:85,0
LF:45
LH:4
BRDA:45,0,0,0
BRDA:45,0,1,0
BRDA:49,1,0,0
BRDA:49,1,1,0
BRDA:65,2,0,0
BRDA:65,2,1,0
BRDA:67,3,0,0
BRDA:67,3,1,0
BRF:8
BRH:0
end_of_record
TN:
SF:middleware/auth.js
FN:3,(anonymous_0)
FNF:1
FNH:0
FNDA:0,(anonymous_0)
DA:3,1
DA:4,0
DA:5,0
DA:6,0
DA:10,0
DA:11,0
DA:13,0
DA:15,0
DA:18,0
DA:21,0
DA:23,0
LF:11
LH:1
BRDA:10,0,0,0
BRDA:10,0,1,0
BRDA:10,1,0,0
BRDA:10,1,1,0
BRF:4
BRH:0
end_of_record
TN:
SF:models/taskModel.js
FNF:0
FNH:0
DA:3,1
DA:21,1
LF:2
LH:2
BRF:0
BRH:0
end_of_record
TN:
SF:models/userModel.js
FNF:0
FNH:0
DA:3,1
DA:10,1
LF:2
LH:2
BRF:0
BRH:0
end_of_record
TN:
SF:routes/tasks.js
FNF:0
FNH:0
DA:6,1
DA:8,1
DA:9,1
DA:10,1
DA:11,1
DA:12,1
DA:13,1
DA:14,1
LF:8
LH:8
BRF:0
BRH:0
end_of_record
TN:
SF:routes/user.js
FNF:0
FNH:0
DA:5,1
DA:7,1
DA:8,1
DA:9,1
DA:10,1
LF:5
LH:5
BRF:0
BRH:0
end_of_record
TN:
SF:services/taskService.js
FN:1,(anonymous_0)
FN:5,convertStringToArray
FNF:2
FNH:2
FNDA:1,(anonymous_0)
FNDA:1,convertStringToArray
DA:1,2
DA:2,1
DA:6,1
LF:3
LH:3
BRF:0
BRH:0
end_of_record
TN:
SF:services/userService.js
FN:1,(anonymous_0)
FN:5,convertStringToArray
FN:10,(anonymous_2)
FN:21,(anonymous_3)
FN:32,errorMessage
FN:52,signUpError
FN:72,fullName
FNF:7
FNH:4
FNDA:0,(anonymous_0)
FNDA:0,convertStringToArray
FNDA:4,(anonymous_2)
FNDA:11,(anonymous_3)
FNDA:6,errorMessage
FNDA:0,signUpError
FNDA:1,fullName
DA:1,2
DA:2,0
DA:6,0
DA:10,2
DA:13,4
DA:14,2
DA:16,2
DA:18,4
DA:21,2
DA:24,11
DA:25,3
DA:27,8
DA:29,11
DA:33,6
DA:34,1
DA:36,5
DA:37,1
DA:39,4
DA:40,1
DA:42,3
DA:43,1
DA:45,2
DA:46,1
DA:49,1
DA:55,0
DA:56,0
DA:57,0
DA:58,0
DA:59,0
DA:60,0
DA:61,0
DA:62,0
DA:63,0
DA:64,0
DA:66,0
DA:69,0
DA:73,1
LF:37
LH:23
BRDA:13,0,0,2
BRDA:13,0,1,2
BRDA:13,1,0,4
BRDA:13,1,1,2
BRDA:24,2,0,3
BRDA:24,2,1,8
BRDA:33,3,0,1
BRDA:33,3,1,5
BRDA:36,4,0,1
BRDA:36,4,1,4
BRDA:39,5,0,1
BRDA:39,5,1,3
BRDA:42,6,0,1
BRDA:42,6,1,2
BRDA:45,7,0,1
BRDA:45,7,1,1
BRDA:55,8,0,0
BRDA:55,8,1,0
BRDA:57,9,0,0
BRDA:57,9,1,0
BRDA:59,10,0,0
BRDA:59,10,1,0
BRDA:61,11,0,0
BRDA:61,11,1,0
BRDA:63,12,0,0
BRDA:63,12,1,0
BRF:26
BRH:16
end_of_record
TN:
SF:utils/utils.js
FN:1,(anonymous_0)
FNF:1
FNH:1
FNDA:1,(anonymous_0)
DA:1,1
DA:2,1
DA:3,1
DA:5,0
LF:4
LH:3
BRDA:2,0,0,1
BRDA:2,0,1,0
BRF:2
BRH:1
end_of_record
